Android/HeartBit/app/build/intermediates/manifest_merge_blame_file/debug/manifest-merger-blame-debug-report.txt
1<?xml version="1.0" encoding="utf-8"?>
2<manifest xmlns:android="http://schemas.android.com/apk/res/android"
3    package="com.samsung.android.sdk.accessory.example.helloaccessory.heartbit"
4    android:versionCode="4"
5    android:versionName="2.0.2" >
6
7    <uses-sdk
8        android:minSdkVersion="15"
8-->src\main\AndroidManifest.xml
9        android:targetSdkVersion="21" />
9-->src\main\AndroidManifest.xml
10
11    <uses-permission android:name="android.permission.INTERNET" />
11-->src\main\AndroidManifest.xml:7:5-66
11-->src\main\AndroidManifest.xml:7:22-64
12    <uses-permission android:name="android.permission.ACCESS_NETWORK_STATE" />
12-->src\main\AndroidManifest.xml:8:5-78
12-->src\main\AndroidManifest.xml:8:22-76
13    <uses-permission android:name="android.permission.BLUETOOTH" />
13-->src\main\AndroidManifest.xml:10:5-68
13-->src\main\AndroidManifest.xml:10:22-65
14    <uses-permission android:name="android.permission.BLUETOOTH_ADMIN" />
14-->src\main\AndroidManifest.xml:11:5-74
14-->src\main\AndroidManifest.xml:11:22-71
15    <uses-permission android:name="com.samsung.accessory.permission.ACCESSORY_FRAMEWORK" />
15-->src\main\AndroidManifest.xml:12:5-92
15-->src\main\AndroidManifest.xml:12:22-89
16    <uses-permission android:name="com.samsung.android.providers.context.permission.WRITE_USE_APP_FEATURE_SURVEY" />
16-->src\main\AndroidManifest.xml:13:5-117
16-->src\main\AndroidManifest.xml:13:22-114
17    <uses-permission android:name="com.samsung.wmanager.ENABLE_NOTIFICATION" />
17-->src\main\AndroidManifest.xml:14:5-80
17-->src\main\AndroidManifest.xml:14:22-77
18    <uses-permission android:name="com.samsung.WATCH_APP_TYPE.Companion" />
18-->src\main\AndroidManifest.xml:15:5-75
18-->src\main\AndroidManifest.xml:15:22-73
19    <uses-permission android:name="android.permission.READ_EXTERNAL_STORAGE" />
19-->src\main\AndroidManifest.xml:16:5-79
19-->src\main\AndroidManifest.xml:16:22-77
20    <uses-permission android:name="android.permission.WRITE_EXTERNAL_STORAGE" />
20-->src\main\AndroidManifest.xml:17:5-80
20-->src\main\AndroidManifest.xml:17:22-78
21
22    <!--
23    <uses-sdk
24        android:minSdkVersion="15"
25        android:targetSdkVersion="21" />
26    -->
27    <application
27-->src\main\AndroidManifest.xml:24:5-60:19
28        android:allowBackup="true"
28-->src\main\AndroidManifest.xml:25:9-35
29        android:debuggable="true"
30        android:icon="@mipmap/ic_launcher"
30-->src\main\AndroidManifest.xml:26:9-43
31        android:label="@string/app_name"
31-->src\main\AndroidManifest.xml:27:9-41
32        android:supportsRtl="true"
32-->src\main\AndroidManifest.xml:28:9-35
33        android:theme="@style/Theme.AppCompat.NoActionBar" >
33-->src\main\AndroidManifest.xml:29:9-59
34        <activity
34-->src\main\AndroidManifest.xml:30:9-38:20
35            android:name="com.samsung.android.sdk.accessory.example.helloaccessory.consumer.ConsumerActivity"
35-->src\main\AndroidManifest.xml:31:13-110
36            android:label="@string/app_name"
36-->src\main\AndroidManifest.xml:32:13-45
37            android:screenOrientation="fullSensor" >
37-->src\main\AndroidManifest.xml:33:13-51
38            <intent-filter>
38-->src\main\AndroidManifest.xml:34:13-37:29
39                <action android:name="android.intent.action.MAIN" />
39-->src\main\AndroidManifest.xml:35:17-69
39-->src\main\AndroidManifest.xml:35:25-66
40
41                <category android:name="android.intent.category.LAUNCHER" />
41-->src\main\AndroidManifest.xml:36:17-77
41-->src\main\AndroidManifest.xml:36:27-74
42            </intent-filter>
43        </activity>
44
45        <service android:name="com.samsung.android.sdk.accessory.example.helloaccessory.consumer.ConsumerService" />
45-->src\main\AndroidManifest.xml:41:9-117
45-->src\main\AndroidManifest.xml:41:18-114
46
47        <receiver android:name="com.samsung.android.sdk.accessory.RegisterUponInstallReceiver" >
47-->src\main\AndroidManifest.xml:43:9-47:20
47-->src\main\AndroidManifest.xml:43:19-95
48            <intent-filter>
48-->src\main\AndroidManifest.xml:44:13-46:29
49                <action android:name="com.samsung.accessory.action.REGISTER_AGENT" />
49-->src\main\AndroidManifest.xml:45:17-86
49-->src\main\AndroidManifest.xml:45:25-83
50            </intent-filter>
51        </receiver>
52        <receiver android:name="com.samsung.android.sdk.accessory.ServiceConnectionIndicationBroadcastReceiver" >
52-->src\main\AndroidManifest.xml:48:9-52:20
52-->src\main\AndroidManifest.xml:48:19-112
53            <intent-filter>
53-->src\main\AndroidManifest.xml:49:13-51:29
54                <action android:name="com.samsung.accessory.action.SERVICE_CONNECTION_REQUESTED" />
54-->src\main\AndroidManifest.xml:50:17-100
54-->src\main\AndroidManifest.xml:50:25-97
55            </intent-filter>
56        </receiver>
57
58        <meta-data
58-->src\main\AndroidManifest.xml:54:9-56:62
59            android:name="AccessoryServicesLocation"
59-->src\main\AndroidManifest.xml:55:13-53
60            android:value="/res/xml/accessoryservices.xml" />
60-->src\main\AndroidManifest.xml:56:13-59
61        <meta-data
61-->src\main\AndroidManifest.xml:57:9-59:35
62            android:name="GearAppType"
62-->src\main\AndroidManifest.xml:58:13-39
63            android:value="tpk" />
63-->src\main\AndroidManifest.xml:59:13-32
64    </application>
65
66</manifest>